[2025-03-23 06:40:26Z INFO HostContext] No proxy settings were found based on environmental variables (http_proxy/https_proxy/HTTP_PROXY/HTTPS_PROXY)
[2025-03-23 06:40:26Z INFO HostContext] Well known directory 'Bin': 'E:\Devops\Module-3\OSTAD-Assignment-module-3\actions-runner\bin'
[2025-03-23 06:40:26Z INFO HostContext] Well known directory 'Root': 'E:\Devops\Module-3\OSTAD-Assignment-module-3\actions-runner'
[2025-03-23 06:40:26Z INFO HostContext] Well known config file 'Credentials': 'E:\Devops\Module-3\OSTAD-Assignment-module-3\actions-runner\.credentials'
[2025-03-23 06:40:26Z INFO HostContext] Well known directory 'Bin': 'E:\Devops\Module-3\OSTAD-Assignment-module-3\actions-runner\bin'
[2025-03-23 06:40:26Z INFO HostContext] Well known directory 'Root': 'E:\Devops\Module-3\OSTAD-Assignment-module-3\actions-runner'
[2025-03-23 06:40:26Z INFO HostContext] Well known config file 'Runner': 'E:\Devops\Module-3\OSTAD-Assignment-module-3\actions-runner\.runner'
[2025-03-23 06:40:26Z INFO Listener] Runner is built for Windows (X64) - win-x64.
[2025-03-23 06:40:26Z INFO Listener] RuntimeInformation: Microsoft Windows 10.0.19045.
[2025-03-23 06:40:26Z INFO Listener] Version: 2.322.0
[2025-03-23 06:40:26Z INFO Listener] Commit: 0edc478ca75d0a753dcbcec7405f3f26db67b1ac
[2025-03-23 06:40:26Z INFO Listener] Culture: en-US
[2025-03-23 06:40:26Z INFO Listener] UI Culture: en-US
[2025-03-23 06:40:26Z INFO HostContext] Well known directory 'Bin': 'E:\Devops\Module-3\OSTAD-Assignment-module-3\actions-runner\bin'
[2025-03-23 06:40:26Z INFO HostContext] Well known directory 'Root': 'E:\Devops\Module-3\OSTAD-Assignment-module-3\actions-runner'
[2025-03-23 06:40:26Z INFO Listener] Validating directory permissions for: 'E:\Devops\Module-3\OSTAD-Assignment-module-3\actions-runner'
[2025-03-23 06:40:26Z INFO CommandLineParser] Parse
[2025-03-23 06:40:26Z INFO CommandLineParser] Parsing 5 args
[2025-03-23 06:40:26Z INFO CommandLineParser] parsing argument
[2025-03-23 06:40:26Z INFO CommandLineParser] HasArgs: False
[2025-03-23 06:40:26Z INFO CommandLineParser] Adding Command: configure
[2025-03-23 06:40:26Z INFO CommandLineParser] parsing argument
[2025-03-23 06:40:26Z INFO CommandLineParser] HasArgs: True
[2025-03-23 06:40:26Z INFO CommandLineParser] arg: url
[2025-03-23 06:40:26Z INFO CommandLineParser] parsing argument
[2025-03-23 06:40:26Z INFO CommandLineParser] HasArgs: True
[2025-03-23 06:40:26Z INFO CommandLineParser] Adding option 'url': 'https://github.com/AbdullahAlAlif/OSTAD-Module-3-CI-CD'
[2025-03-23 06:40:26Z INFO CommandLineParser] parsing argument
[2025-03-23 06:40:26Z INFO CommandLineParser] HasArgs: True
[2025-03-23 06:40:26Z INFO CommandLineParser] arg: token
[2025-03-23 06:40:26Z INFO CommandLineParser] parsing argument
[2025-03-23 06:40:26Z INFO CommandLineParser] HasArgs: True
[2025-03-23 06:40:26Z INFO CommandLineParser] Adding option 'token': '***'
[2025-03-23 06:40:26Z INFO Listener] Arguments parsed
[2025-03-23 06:40:26Z INFO Runner] ExecuteCommand
[2025-03-23 06:40:26Z INFO ConfigurationStore] currentAssemblyLocation: E:\Devops\Module-3\OSTAD-Assignment-module-3\actions-runner\bin\Runner.Listener.dll
[2025-03-23 06:40:26Z INFO HostContext] Well known directory 'Bin': 'E:\Devops\Module-3\OSTAD-Assignment-module-3\actions-runner\bin'
[2025-03-23 06:40:26Z INFO ConfigurationStore] binPath: E:\Devops\Module-3\OSTAD-Assignment-module-3\actions-runner\bin
[2025-03-23 06:40:26Z INFO HostContext] Well known directory 'Bin': 'E:\Devops\Module-3\OSTAD-Assignment-module-3\actions-runner\bin'
[2025-03-23 06:40:26Z INFO HostContext] Well known directory 'Root': 'E:\Devops\Module-3\OSTAD-Assignment-module-3\actions-runner'
[2025-03-23 06:40:26Z INFO ConfigurationStore] RootFolder: E:\Devops\Module-3\OSTAD-Assignment-module-3\actions-runner
[2025-03-23 06:40:26Z INFO HostContext] Well known directory 'Bin': 'E:\Devops\Module-3\OSTAD-Assignment-module-3\actions-runner\bin'
[2025-03-23 06:40:26Z INFO HostContext] Well known directory 'Root': 'E:\Devops\Module-3\OSTAD-Assignment-module-3\actions-runner'
[2025-03-23 06:40:26Z INFO HostContext] Well known config file 'Runner': 'E:\Devops\Module-3\OSTAD-Assignment-module-3\actions-runner\.runner'
[2025-03-23 06:40:26Z INFO ConfigurationStore] ConfigFilePath: E:\Devops\Module-3\OSTAD-Assignment-module-3\actions-runner\.runner
[2025-03-23 06:40:26Z INFO HostContext] Well known directory 'Bin': 'E:\Devops\Module-3\OSTAD-Assignment-module-3\actions-runner\bin'
[2025-03-23 06:40:26Z INFO HostContext] Well known directory 'Root': 'E:\Devops\Module-3\OSTAD-Assignment-module-3\actions-runner'
[2025-03-23 06:40:26Z INFO HostContext] Well known config file 'Credentials': 'E:\Devops\Module-3\OSTAD-Assignment-module-3\actions-runner\.credentials'
[2025-03-23 06:40:26Z INFO ConfigurationStore] CredFilePath: E:\Devops\Module-3\OSTAD-Assignment-module-3\actions-runner\.credentials
[2025-03-23 06:40:26Z INFO HostContext] Well known directory 'Bin': 'E:\Devops\Module-3\OSTAD-Assignment-module-3\actions-runner\bin'
[2025-03-23 06:40:26Z INFO HostContext] Well known directory 'Root': 'E:\Devops\Module-3\OSTAD-Assignment-module-3\actions-runner'
[2025-03-23 06:40:26Z INFO HostContext] Well known config file 'MigratedCredentials': 'E:\Devops\Module-3\OSTAD-Assignment-module-3\actions-runner\.credentials_migrated'
[2025-03-23 06:40:26Z INFO ConfigurationStore] MigratedCredFilePath: E:\Devops\Module-3\OSTAD-Assignment-module-3\actions-runner\.credentials_migrated
[2025-03-23 06:40:26Z INFO HostContext] Well known directory 'Bin': 'E:\Devops\Module-3\OSTAD-Assignment-module-3\actions-runner\bin'
[2025-03-23 06:40:26Z INFO HostContext] Well known directory 'Root': 'E:\Devops\Module-3\OSTAD-Assignment-module-3\actions-runner'
[2025-03-23 06:40:26Z INFO HostContext] Well known config file 'Service': 'E:\Devops\Module-3\OSTAD-Assignment-module-3\actions-runner\.service'
[2025-03-23 06:40:26Z INFO ConfigurationStore] ServiceConfigFilePath: E:\Devops\Module-3\OSTAD-Assignment-module-3\actions-runner\.service
[2025-03-23 06:40:26Z INFO CommandSettings] Flag 'help': 'False'
[2025-03-23 06:40:26Z INFO CommandSettings] Flag 'version': 'False'
[2025-03-23 06:40:26Z INFO CommandSettings] Flag 'commit': 'False'
[2025-03-23 06:40:26Z INFO CommandSettings] Flag 'check': 'False'
[2025-03-23 06:40:26Z INFO CommandSettings] Command 'configure': 'True'
[2025-03-23 06:40:26Z INFO Terminal] WRITE LINE: 
[2025-03-23 06:40:26Z INFO Terminal] WRITE LINE: --------------------------------------------------------------------------------
[2025-03-23 06:40:26Z INFO Terminal] WRITE LINE: |        ____ _ _   _   _       _          _        _   _                      |
[2025-03-23 06:40:26Z INFO Terminal] WRITE LINE: |       / ___(_) |_| | | |_   _| |__      / \   ___| |_(_) ___  _ __  ___      |
[2025-03-23 06:40:26Z INFO Terminal] WRITE LINE: |      | |  _| | __| |_| | | | | '_ \    / _ \ / __| __| |/ _ \| '_ \/ __|     |
[2025-03-23 06:40:26Z INFO Terminal] WRITE LINE: |      | |_| | | |_|  _  | |_| | |_) |  / ___ \ (__| |_| | (_) | | | \__ \     |
[2025-03-23 06:40:26Z INFO Terminal] WRITE LINE: |       \____|_|\__|_| |_|\__,_|_.__/  /_/   \_\___|\__|_|\___/|_| |_|___/     |
[2025-03-23 06:40:26Z INFO Terminal] WRITE LINE: |                                                                              |
[2025-03-23 06:40:26Z INFO Terminal] WRITE: |                       
[2025-03-23 06:40:26Z INFO Terminal] WRITE: Self-hosted runner registration
[2025-03-23 06:40:26Z INFO Terminal] WRITE LINE:                         |
[2025-03-23 06:40:26Z INFO Terminal] WRITE LINE: |                                                                              |
[2025-03-23 06:40:26Z INFO Terminal] WRITE LINE: --------------------------------------------------------------------------------
[2025-03-23 06:40:26Z INFO ConfigurationManager] ConfigureAsync
[2025-03-23 06:40:26Z INFO CommandSettings] Flag 'generateServiceConfig': 'False'
[2025-03-23 06:40:26Z INFO ConfigurationStore] IsConfigured()
[2025-03-23 06:40:26Z INFO ConfigurationStore] IsConfigured: False
[2025-03-23 06:40:26Z INFO ConfigurationManager] Is configured: False
[2025-03-23 06:40:26Z INFO CommandSettings] Arg 'url': 'https://github.com/AbdullahAlAlif/OSTAD-Module-3-CI-CD'
[2025-03-23 06:40:26Z INFO CommandSettings] Remove url from Arg dictionary.
[2025-03-23 06:40:26Z INFO CommandSettings] Arg 'token': '***'
[2025-03-23 06:40:26Z INFO CommandSettings] Remove token from Arg dictionary.
[2025-03-23 06:40:26Z INFO ConfigurationManager] Http response code: OK from 'POST https://api.github.com/actions/runner-registration' (DC2C:DC160:41259D:5428D4:67DFACDA)
[2025-03-23 06:40:26Z INFO ConfigurationManager] Using V2 flow: False
[2025-03-23 06:40:26Z INFO ConfigurationManager] cred retrieved via GitHub auth
[2025-03-23 06:40:26Z INFO RunnerServer] EstablishVssConnection
[2025-03-23 06:40:26Z INFO RunnerServer] Establish connection with 100 seconds timeout.
[2025-03-23 06:40:27Z INFO GitHubActionsService] Starting operation Location.GetConnectionData
[2025-03-23 06:40:27Z INFO RunnerServer] EstablishVssConnection
[2025-03-23 06:40:27Z INFO RunnerServer] Establish connection with 60 seconds timeout.
[2025-03-23 06:40:27Z INFO GitHubActionsService] Starting operation Location.GetConnectionData
[2025-03-23 06:40:27Z INFO RunnerServer] EstablishVssConnection
[2025-03-23 06:40:27Z INFO RunnerServer] Establish connection with 60 seconds timeout.
[2025-03-23 06:40:27Z INFO GitHubActionsService] Starting operation Location.GetConnectionData
[2025-03-23 06:40:28Z INFO GitHubActionsService] Finished operation Location.GetConnectionData
[2025-03-23 06:40:28Z INFO GitHubActionsService] Finished operation Location.GetConnectionData
[2025-03-23 06:40:28Z INFO GitHubActionsService] Finished operation Location.GetConnectionData
[2025-03-23 06:40:28Z INFO Terminal] WRITE LINE: 
[2025-03-23 06:40:28Z INFO ConfigurationManager] Test Connection complete.
[2025-03-23 06:40:28Z INFO HostContext] Well known directory 'Bin': 'E:\Devops\Module-3\OSTAD-Assignment-module-3\actions-runner\bin'
[2025-03-23 06:40:28Z INFO HostContext] Well known directory 'Root': 'E:\Devops\Module-3\OSTAD-Assignment-module-3\actions-runner'
[2025-03-23 06:40:28Z INFO HostContext] Well known config file 'RSACredentials': 'E:\Devops\Module-3\OSTAD-Assignment-module-3\actions-runner\.credentials_rsaparams'
[2025-03-23 06:40:28Z INFO RSAEncryptedFileKeyManager] Creating new RSA key using 2048-bit key length
[2025-03-23 06:40:28Z INFO RSAEncryptedFileKeyManager] Successfully saved RSA key parameters to file E:\Devops\Module-3\OSTAD-Assignment-module-3\actions-runner\.credentials_rsaparams
[2025-03-23 06:40:29Z INFO CommandSettings] Arg 'runnergroup': ''
[2025-03-23 06:40:29Z INFO CommandSettings] Flag 'unattended': 'False'
[2025-03-23 06:40:29Z INFO PromptManager] ReadValue
[2025-03-23 06:40:29Z INFO Terminal] WRITE: Enter the name of the runner group to add this runner to: 
[2025-03-23 06:40:29Z INFO Terminal] WRITE: [press Enter for Default] 
[2025-03-23 06:40:29Z INFO Terminal] READ LINE
[2025-03-23 06:40:37Z INFO Terminal] Read value: ''
[2025-03-23 06:40:37Z INFO PromptManager] Falling back to the default: 'Default'
[2025-03-23 06:40:37Z INFO Terminal] WRITE LINE: 
[2025-03-23 06:40:37Z INFO ConfigurationManager] Found a self-hosted runner group with id 1 and name Default
[2025-03-23 06:40:37Z INFO CommandSettings] Flag 'disableupdate': 'False'
[2025-03-23 06:40:37Z INFO CommandSettings] Flag 'ephemeral': 'False'
[2025-03-23 06:40:37Z INFO CommandSettings] Arg 'name': ''
[2025-03-23 06:40:37Z INFO CommandSettings] Flag 'unattended': 'False'
[2025-03-23 06:40:37Z INFO PromptManager] ReadValue
[2025-03-23 06:40:37Z INFO Terminal] WRITE: Enter the name of runner: 
[2025-03-23 06:40:37Z INFO Terminal] WRITE: [press Enter for DESKTOP-G3QF96S] 
[2025-03-23 06:40:37Z INFO Terminal] READ LINE
[2025-03-23 06:40:42Z INFO Terminal] Read value: ''
[2025-03-23 06:40:42Z INFO PromptManager] Falling back to the default: 'DESKTOP-G3QF96S'
[2025-03-23 06:40:42Z INFO Terminal] WRITE LINE: 
[2025-03-23 06:40:42Z INFO CommandSettings] Arg 'labels': ''
[2025-03-23 06:40:42Z INFO CommandSettings] Flag 'unattended': 'False'
[2025-03-23 06:40:42Z INFO PromptManager] ReadValue
[2025-03-23 06:40:42Z INFO Terminal] WRITE: This runner will have the following labels: 'self-hosted', 'Windows', 'X64' 
Enter any additional labels (ex. label-1,label-2): 
[2025-03-23 06:40:42Z INFO Terminal] WRITE: [press Enter to skip] 
[2025-03-23 06:40:42Z INFO Terminal] READ LINE
[2025-03-23 06:40:45Z INFO Terminal] Read value: ''
[2025-03-23 06:40:45Z INFO Terminal] WRITE LINE: 
[2025-03-23 06:40:46Z INFO CommandSettings] Flag 'disableupdate': 'False'
[2025-03-23 06:40:46Z INFO CommandSettings] Flag 'no-default-labels': 'False'
[2025-03-23 06:40:46Z INFO CommandSettings] Flag 'disableupdate': 'False'
[2025-03-23 06:40:46Z INFO CommandSettings] Flag 'ephemeral': 'False'
[2025-03-23 06:40:46Z INFO ConfigurationStore] Saving OAuth credential @ E:\Devops\Module-3\OSTAD-Assignment-module-3\actions-runner\.credentials
[2025-03-23 06:40:46Z INFO ConfigurationStore] Credentials Saved.
[2025-03-23 06:40:46Z INFO ConfigurationStore] HasCredentials()
[2025-03-23 06:40:46Z INFO ConfigurationStore] stored True
[2025-03-23 06:40:46Z INFO CredentialManager] GetCredentialProvider
[2025-03-23 06:40:46Z INFO CredentialManager] Creating type OAuth
[2025-03-23 06:40:46Z INFO CredentialManager] Creating credential type: OAuth
[2025-03-23 06:40:46Z INFO RSAEncryptedFileKeyManager] Loading RSA key parameters from file E:\Devops\Module-3\OSTAD-Assignment-module-3\actions-runner\.credentials_rsaparams
[2025-03-23 06:40:46Z INFO RunnerServer] EstablishVssConnection
[2025-03-23 06:40:46Z INFO RunnerServer] Establish connection with 100 seconds timeout.
[2025-03-23 06:40:46Z INFO GitHubActionsService] Starting operation Location.GetConnectionData
[2025-03-23 06:40:46Z INFO RunnerServer] EstablishVssConnection
[2025-03-23 06:40:46Z INFO RunnerServer] Establish connection with 60 seconds timeout.
[2025-03-23 06:40:46Z INFO GitHubActionsService] Starting operation Location.GetConnectionData
[2025-03-23 06:40:46Z INFO RunnerServer] EstablishVssConnection
[2025-03-23 06:40:46Z INFO RunnerServer] Establish connection with 60 seconds timeout.
[2025-03-23 06:40:46Z INFO GitHubActionsService] Starting operation Location.GetConnectionData
[2025-03-23 06:40:47Z INFO GitHubActionsService] Finished operation Location.GetConnectionData
[2025-03-23 06:40:47Z INFO GitHubActionsService] Finished operation Location.GetConnectionData
[2025-03-23 06:40:47Z INFO GitHubActionsService] Finished operation Location.GetConnectionData
[2025-03-23 06:40:47Z INFO RSAEncryptedFileKeyManager] Loading RSA key parameters from file E:\Devops\Module-3\OSTAD-Assignment-module-3\actions-runner\.credentials_rsaparams
[2025-03-23 06:40:47Z INFO RSAEncryptedFileKeyManager] Loading RSA key parameters from file E:\Devops\Module-3\OSTAD-Assignment-module-3\actions-runner\.credentials_rsaparams
[2025-03-23 06:40:48Z INFO GitHubActionsService] AAD Correlation ID for this token request: Unknown
[2025-03-23 06:40:49Z INFO CommandSettings] Arg 'work': ''
[2025-03-23 06:40:49Z INFO CommandSettings] Flag 'unattended': 'False'
[2025-03-23 06:40:49Z INFO PromptManager] ReadValue
[2025-03-23 06:40:49Z INFO Terminal] WRITE: Enter name of work folder: 
[2025-03-23 06:40:49Z INFO Terminal] WRITE: [press Enter for _work] 
[2025-03-23 06:40:49Z INFO Terminal] READ LINE
[2025-03-23 06:40:59Z INFO Terminal] Read value: ''
[2025-03-23 06:40:59Z INFO PromptManager] Falling back to the default: '_work'
[2025-03-23 06:40:59Z INFO ConfigurationStore] Saving runner settings.
[2025-03-23 06:40:59Z INFO ConfigurationStore] Settings Saved.
[2025-03-23 06:40:59Z INFO Terminal] WRITE LINE: 
[2025-03-23 06:40:59Z INFO Terminal] WRITE LINE: 
[2025-03-23 06:40:59Z INFO CommandSettings] Flag 'runasservice': 'False'
[2025-03-23 06:40:59Z INFO CommandSettings] Flag 'unattended': 'False'
[2025-03-23 06:40:59Z INFO PromptManager] ReadValue
[2025-03-23 06:40:59Z INFO Terminal] WRITE: Would you like to run the runner as service? (Y/N) 
[2025-03-23 06:40:59Z INFO Terminal] WRITE: [press Enter for N] 
[2025-03-23 06:40:59Z INFO Terminal] READ LINE
[2025-03-23 06:41:09Z INFO Terminal] Read value: ''
[2025-03-23 06:41:09Z INFO PromptManager] Falling back to the default: 'N'
[2025-03-23 06:41:09Z INFO Listener] Runner execution has finished with return code 0
